[04:34:35] [main/INFO]: Loading Minecraft 1.20.1 with Fabric Loader 0.16.0
[04:34:36] [main/INFO]: Loading 80 mods:
	- banner 1.20.1-690
	   |-- adventure-platform-fabric 5.9.0
	   |    \-- net_kyori_adventure-platform-api 4.3.0
	   |-- com_github_wdog5_mixin-tools 1.0.1
	   |-- com_googlecode_json-simple_json-simple 1.1.1
	   |-- com_mohistmc_dynamicenum 0.3
	   |-- com_mohistmc_i18n 0.6
	   |-- com_mohistmc_json 0.5
	   |-- com_mohistmc_tools 0.5.1
	   |-- com_mysql_mysql-connector-j 8.0.33
	   |-- commons-codec_commons-codec 1.16.0
	   |-- commons-lang_commons-lang 2.6-mohist
	   |-- io_izzel_tools 1.3.0
	   |-- javax_inject_javax_inject 1
	   |-- jline_jline 2.14.6
	   |-- net_fabricmc_mapping-io 0.3.0
	   |-- net_kyori_adventure-api 4.14.0
	   |-- net_kyori_adventure-key 4.14.0
	   |-- net_kyori_adventure-text-logger-slf4j 4.14.0
	   |-- net_kyori_adventure-text-minimessage 4.14.0
	   |-- net_kyori_adventure-text-serializer-ansi 4.14.0
	   |-- net_kyori_adventure-text-serializer-gson 4.14.0
	   |-- net_kyori_adventure-text-serializer-json 4.14.0
	   |-- net_kyori_adventure-text-serializer-legacy 4.14.0
	   |-- net_kyori_adventure-text-serializer-plain 4.14.0
	   |-- net_kyori_ansi 1.0.3
	   |-- net_kyori_examination-api 1.3.0
	   |-- net_kyori_examination-string 1.3.0
	   |-- net_md-5_bungeecord-chat 1.16-R0.4
	   |-- net_md-5_specialsource 1.11.2
	   |-- net_sf_jopt-simple_jopt-simple 5.0.4
	   |-- org_apache_logging_log4j_log4j-iostreams 2.20.0
	   |-- org_checkerframework_checker-qual 3.12.0
	   |-- org_fusesource_jansi_jansi 1.18
	   |-- org_xerial_sqlite-jdbc 3.42.0.0
	   \-- org_yaml_snakeyaml 2.0
	- fabric-api 0.92.2+1.20.1
	   |-- fabric-api-base 0.4.31+1802ada577
	   |-- fabric-api-lookup-api-v1 1.6.36+1802ada577
	   |-- fabric-biome-api-v1 13.0.13+1802ada577
	   |-- fabric-block-api-v1 1.0.11+1802ada577
	   |-- fabric-block-view-api-v2 1.0.1+1802ada577
	   |-- fabric-blockrenderlayer-v1 1.1.41+1802ada577
	   |-- fabric-client-tags-api-v1 1.1.2+1802ada577
	   |-- fabric-command-api-v1 1.2.34+f71b366f77
	   |-- fabric-command-api-v2 2.2.13+1802ada577
	   |-- fabric-commands-v0 0.2.51+df3654b377
	   |-- fabric-containers-v0 0.1.64+df3654b377
	   |-- fabric-content-registries-v0 4.0.11+1802ada577
	   |-- fabric-convention-tags-v1 1.5.5+1802ada577
	   |-- fabric-crash-report-info-v1 0.2.19+1802ada577
	   |-- fabric-data-attachment-api-v1 1.0.0+de0fd6d177
	   |-- fabric-data-generation-api-v1 12.3.4+1802ada577
	   |-- fabric-dimensions-v1 2.1.54+1802ada577
	   |-- fabric-entity-events-v1 1.6.0+1c78457f77
	   |-- fabric-events-interaction-v0 0.6.2+1802ada577
	   |-- fabric-events-lifecycle-v0 0.2.63+df3654b377
	   |-- fabric-game-rule-api-v1 1.0.40+1802ada577
	   |-- fabric-item-api-v1 2.1.28+1802ada577
	   |-- fabric-item-group-api-v1 4.0.12+1802ada577
	   |-- fabric-key-binding-api-v1 1.0.37+1802ada577
	   |-- fabric-keybindings-v0 0.2.35+df3654b377
	   |-- fabric-lifecycle-events-v1 2.2.22+1802ada577
	   |-- fabric-loot-api-v2 1.2.1+1802ada577
	   |-- fabric-loot-tables-v1 1.1.45+9e7660c677
	   |-- fabric-message-api-v1 5.1.9+1802ada577
	   |-- fabric-mining-level-api-v1 2.1.50+1802ada577
	   |-- fabric-model-loading-api-v1 1.0.3+1802ada577
	   |-- fabric-models-v0 0.4.2+9386d8a777
	   |-- fabric-networking-api-v1 1.3.11+1802ada577
	   |-- fabric-networking-v0 0.3.51+df3654b377
	   |-- fabric-object-builder-api-v1 11.1.3+1802ada577
	   |-- fabric-particles-v1 1.1.2+1802ada577
	   |-- fabric-recipe-api-v1 1.0.21+1802ada577
	   |-- fabric-registry-sync-v0 2.3.3+1802ada577
	   |-- fabric-renderer-api-v1 3.2.1+1802ada577
	   |-- fabric-renderer-indigo 1.5.2+85287f9f77
	   |-- fabric-renderer-registries-v1 3.2.46+df3654b377
	   |-- fabric-rendering-data-attachment-v1 0.3.37+92a0d36777
	   |-- fabric-rendering-fluids-v1 3.0.28+1802ada577
	   |-- fabric-rendering-v0 1.1.49+df3654b377
	   |-- fabric-rendering-v1 3.0.8+1802ada577
	   |-- fabric-resource-conditions-api-v1 2.3.8+1802ada577
	   |-- fabric-resource-loader-v0 0.11.10+1802ada577
	   |-- fabric-screen-api-v1 2.0.8+1802ada577
	   |-- fabric-screen-handler-api-v1 1.3.30+1802ada577
	   |-- fabric-sound-api-v1 1.0.13+1802ada577
	   |-- fabric-transfer-api-v1 3.3.5+8dd72ea377
	   \-- fabric-transitive-access-wideners-v1 4.3.1+1802ada577
	- fabricloader 0.16.0
	   \-- mixinextras 0.4.0
	- java 17
	- minecraft 1.20.1
[04:34:36] [main/INFO]: SpongePowered MIXIN Subsystem Version=0.8.7 Source=file:/workspaces/msx/servidor_minecraft/libraries/net/fabricmc/sponge-mixin/0.15.0+mixin.0.8.7/sponge-mixin-0.15.0+mixin.0.8.7.jar Service=Knot/Fabric Env=SERVER
[04:34:36] [main/INFO]: Compatibility level set to JAVA_17
[04:34:36] [main/INFO]:  _____       ___   __   _   __   _   _____   _____   
[04:34:36] [main/INFO]: |  _  \     /   | |  \ | | |  \ | | | ____| |  _  \  
[04:34:36] [main/INFO]: | |_| |    / /| | |   \| | |   \| | | |__   | |_| |  
[04:34:36] [main/INFO]: |  _  {   / / | | | |\   | | |\   | |  __|  |  _  /  
[04:34:36] [main/INFO]: | |_| |  / /  | | | | \  | | | \  | | |___  | | \ \  
[04:34:36] [main/INFO]: |_____/ /_/   |_| |_|  \_| |_|  \_| |_____| |_|  \_\ 
[04:34:36] [main/INFO]: Welcome to Banner 1.20.1! - Mohist Developement Group - 1.20.1-690, Java 61.0
[04:34:39] [main/INFO]: Initializing MixinExtras via com.llamalad7.mixinextras.service.MixinExtrasServiceImpl(version=0.4.0).
[04:34:53] [main/INFO]: Registering Banner Event Dispatchers...
[04:34:53] [main/INFO]: Environment: authHost='https://authserver.mojang.com', accountsHost='https://api.mojang.com', sessionHost='https://sessionserver.mojang.com', servicesHost='https://api.minecraftservices.com', name='PROD'
[04:34:56] [main/INFO]: Loaded 7 recipes
[04:34:56] [main/INFO]: Loaded 1271 advancements
[04:34:57] [main/INFO]: Applied 0 biome modifications to 0 of 64 new biomes in 1.879 ms
[04:34:57] [Server thread/INFO]: Starting minecraft server version 1.20.1
[04:34:57] [Server thread/INFO]: Loading properties
[04:34:57] [Server thread/INFO]: Default game type: SURVIVAL
[04:34:57] [Server thread/INFO]: Generating keypair
[04:34:57] [Server thread/INFO]: Starting Minecraft server on *:25565
[04:34:57] [Server thread/INFO]: Using epoll channel type
[04:34:57] [Server thread/WARN]: **** SERVER IS RUNNING IN OFFLINE/INSECURE MODE!
[04:34:57] [Server thread/WARN]: The server will make no attempt to authenticate usernames. Beware.
[04:34:57] [Server thread/WARN]: While this makes the game possible to play without internet access, it also opens up the ability for hackers to connect with any username they choose.
[04:34:57] [Server thread/WARN]: To change this, set "online-mode" to "true" in the server.properties file.
[04:34:57] [Server thread/INFO]: This server is running Banner version 1.20.1-690 (MC: 1.20.1) (Implementing API version 1.20.1-R0.1-SNAPSHOT)
[04:34:58] [Server thread/INFO]: Registering for Bukkit ...
[04:34:58] [Server thread/INFO]: Registered 0 new items
[04:34:58] [Server thread/INFO]: Registered 0 new blocks
[04:34:58] [Server thread/INFO]: Loading Bukkit plugins, please wait...
[04:34:58] [Server thread/INFO]: Debug logging is disabled
[04:34:58] [Server thread/INFO]: Server Ping Player Sample Count: 12
[04:34:58] [Server thread/INFO]: Using 4 threads for Netty based IO
[04:34:58] [Server thread/INFO]: [MythicMobs] Loading 4 libraries... please wait
[04:34:59] [Server thread/INFO]: [MythicMobs] Loading 17 extra libraries... please wait
[04:34:59] [Server thread/INFO]: [MythicMobs] Loaded libraries libraries/spigot-lib/net/kyori/adventure-platform-viaversion/4.3.2/adventure-platform-viaversion-4.3.2.jar
[04:34:59] [Server thread/INFO]: [MythicMobs] Loaded libraries libraries/spigot-lib/net/kyori/adventure-text-serializer-bungeecord/4.3.2/adventure-text-serializer-bungeecord-4.3.2.jar
[04:34:59] [Server thread/INFO]: [MythicMobs] Loaded libraries libraries/spigot-lib/org/jetbrains/annotations/22.0.0/annotations-22.0.0.jar
[04:34:59] [Server thread/INFO]: [MythicMobs] Loaded libraries libraries/spigot-lib/net/kyori/adventure-text-serializer-gson-legacy-impl/4.13.1/adventure-text-serializer-gson-legacy-impl-4.13.1.jar
[04:34:59] [Server thread/INFO]: [MythicMobs] Loaded libraries libraries/spigot-lib/net/kyori/examination-string/1.3.0/examination-string-1.3.0.jar
[04:34:59] [Server thread/INFO]: [MythicMobs] Loaded libraries libraries/spigot-lib/net/kyori/adventure-key/4.16.0/adventure-key-4.16.0.jar
[04:34:59] [Server thread/INFO]: [MythicMobs] Loaded libraries libraries/spigot-lib/net/kyori/adventure-platform-api/4.3.2/adventure-platform-api-4.3.2.jar
[04:34:59] [Server thread/INFO]: [MythicMobs] Loaded libraries libraries/spigot-lib/net/kyori/adventure-text-serializer-legacy/4.13.1/adventure-text-serializer-legacy-4.13.1.jar
[04:34:59] [Server thread/INFO]: [MythicMobs] Loaded libraries libraries/spigot-lib/net/kyori/adventure-platform-bukkit/4.3.2/adventure-platform-bukkit-4.3.2.jar
[04:34:59] [Server thread/INFO]: [MythicMobs] Loaded libraries libraries/spigot-lib/org/jetbrains/annotations/24.1.0/annotations-24.1.0.jar
[04:34:59] [Server thread/INFO]: [MythicMobs] Loaded libraries libraries/spigot-lib/net/kyori/adventure-platform-facet/4.3.2/adventure-platform-facet-4.3.2.jar
[04:34:59] [Server thread/INFO]: [MythicMobs] Loaded libraries libraries/spigot-lib/net/kyori/adventure-api/4.16.0/adventure-api-4.16.0.jar
[04:34:59] [Server thread/INFO]: [MythicMobs] Loaded libraries libraries/spigot-lib/com/google/code/gson/gson/2.8.0/gson-2.8.0.jar
[04:34:59] [Server thread/INFO]: [MythicMobs] Loaded libraries libraries/spigot-lib/net/kyori/option/1.0.0/option-1.0.0.jar
[04:34:59] [Server thread/INFO]: [MythicMobs] Loaded libraries libraries/spigot-lib/net/kyori/adventure-text-serializer-gson/4.16.0/adventure-text-serializer-gson-4.16.0.jar
[04:34:59] [Server thread/INFO]: [MythicMobs] Loaded libraries libraries/spigot-lib/net/kyori/adventure-text-serializer-gson/4.13.1/adventure-text-serializer-gson-4.13.1.jar
[04:34:59] [Server thread/INFO]: [MythicMobs] Loaded libraries libraries/spigot-lib/net/kyori/adventure-text-serializer-json/4.16.0/adventure-text-serializer-json-4.16.0.jar
[04:34:59] [Server thread/INFO]: [MythicMobs] Loaded libraries libraries/spigot-lib/net/kyori/adventure-api/4.13.1/adventure-api-4.13.1.jar
[04:34:59] [Server thread/INFO]: [MythicMobs] Loaded libraries libraries/spigot-lib/net/kyori/adventure-nbt/4.13.1/adventure-nbt-4.13.1.jar
[04:34:59] [Server thread/INFO]: [MythicMobs] Loaded libraries libraries/spigot-lib/net/kyori/adventure-text-minimessage/4.16.0/adventure-text-minimessage-4.16.0.jar
[04:34:59] [Server thread/INFO]: [MythicMobs] Loaded libraries libraries/spigot-lib/net/kyori/examination-api/1.3.0/examination-api-1.3.0.jar
[04:35:00] [Server thread/ERROR]: Could not load 'plugins/MythicMobs-5.7.0.jar' in folder 'plugins'
org.bukkit.plugin.InvalidPluginException: java.lang.UnsupportedClassVersionError: io/lumine/mythic/bukkit/MythicBukkit has been compiled by a more recent version of the Java Runtime (class file version 65.0), this version of the Java Runtime only recognizes class file versions up to 61.0
	at org.bukkit.plugin.java.JavaPluginLoader.loadPlugin(JavaPluginLoader.java:150) ~[banner-1.20.1-690-server.jar:?]
	at org.bukkit.plugin.SimplePluginManager.loadPlugin(SimplePluginManager.java:396) ~[banner-1.20.1-690-server.jar:?]
	at org.bukkit.plugin.SimplePluginManager.loadPlugins(SimplePluginManager.java:303) ~[banner-1.20.1-690-server.jar:?]
	at org.bukkit.craftbukkit.v1_20_R1.CraftServer.loadPlugins(CraftServer.java:434) ~[banner-1.20.1-690-server.jar:?]
	at net.minecraft.class_3176.handler$zdb000$banner$initServer(class_3176.java:685) ~[server-intermediary.jar:?]
	at net.minecraft.class_3176.method_3823(class_3176.java:166) ~[server-intermediary.jar:?]
	at net.minecraft.server.MinecraftServer.method_29741(MinecraftServer.java:2061) ~[server-intermediary.jar:?]
	at net.minecraft.server.MinecraftServer.method_29739(MinecraftServer.java:265) ~[server-intermediary.jar:?]
	at java.lang.Thread.run(Thread.java:840) ~[?:?]
Caused by: java.lang.UnsupportedClassVersionError: io/lumine/mythic/bukkit/MythicBukkit has been compiled by a more recent version of the Java Runtime (class file version 65.0), this version of the Java Runtime only recognizes class file versions up to 61.0
	at java.lang.ClassLoader.defineClass1(Native Method) ~[?:?]
	at java.lang.ClassLoader.defineClass(ClassLoader.java:1017) ~[?:?]
	at java.security.SecureClassLoader.defineClass(SecureClassLoader.java:150) ~[?:?]
	at org.bukkit.plugin.java.PluginClassLoader.findClass(PluginClassLoader.java:218) ~[banner-1.20.1-690-server.jar:?]
	at java.lang.ClassLoader.loadClass(ClassLoader.java:592) ~[?:?]
	at org.bukkit.plugin.java.PluginClassLoader.loadClass0(PluginClassLoader.java:122) ~[banner-1.20.1-690-server.jar:?]
	at org.bukkit.plugin.java.PluginClassLoader.loadClass(PluginClassLoader.java:117) ~[banner-1.20.1-690-server.jar:?]
	at java.lang.ClassLoader.loadClass(ClassLoader.java:525) ~[?:?]
	at java.lang.Class.forName0(Native Method) ~[?:?]
	at java.lang.Class.forName(Class.java:467) ~[?:?]
	at org.bukkit.plugin.java.PluginClassLoader.<init>(PluginClassLoader.java:85) ~[banner-1.20.1-690-server.jar:?]
	at org.bukkit.plugin.java.JavaPluginLoader.loadPlugin(JavaPluginLoader.java:146) ~[banner-1.20.1-690-server.jar:?]
	... 8 more
[04:35:00] [Server thread/INFO]: Preparing level "world"
[04:35:08] [Server thread/INFO]: Preparing start region for dimension minecraft:overworld
[04:35:15] [Worker-Main-1/INFO]: Preparing spawn area: 0%
[04:35:15] [Worker-Main-1/INFO]: Preparing spawn area: 0%
[04:35:15] [Worker-Main-1/INFO]: Preparing spawn area: 0%
[04:35:15] [Worker-Main-1/INFO]: Preparing spawn area: 0%
[04:35:15] [Worker-Main-1/INFO]: Preparing spawn area: 0%
[04:35:15] [Worker-Main-1/INFO]: Preparing spawn area: 0%
[04:35:15] [Worker-Main-1/INFO]: Preparing spawn area: 0%
[04:35:15] [Worker-Main-1/INFO]: Preparing spawn area: 0%
[04:35:15] [Worker-Main-1/INFO]: Preparing spawn area: 0%
[04:35:15] [Worker-Main-1/INFO]: Preparing spawn area: 0%
[04:35:15] [Worker-Main-1/INFO]: Preparing spawn area: 0%
[04:35:15] [Worker-Main-1/INFO]: Preparing spawn area: 0%
[04:35:15] [Worker-Main-1/INFO]: Preparing spawn area: 0%
[04:35:15] [Worker-Main-1/INFO]: Preparing spawn area: 0%
[04:35:15] [Worker-Main-1/INFO]: Preparing spawn area: 0%
[04:35:16] [Worker-Main-1/INFO]: Preparing spawn area: 0%
[04:35:16] [Worker-Main-1/INFO]: Preparing spawn area: 0%
[04:35:17] [Worker-Main-1/INFO]: Preparing spawn area: 0%
[04:35:17] [Server thread/INFO]: Time elapsed: 9243 ms
[04:35:17] [Server thread/INFO]: Preparing start region for dimension minecraft:the_nether
[04:35:20] [Worker-Main-1/INFO]: Preparing spawn area: 0%
[04:35:20] [Worker-Main-1/INFO]: Preparing spawn area: 0%
[04:35:20] [Worker-Main-1/INFO]: Preparing spawn area: 0%
[04:35:20] [Worker-Main-1/INFO]: Preparing spawn area: 0%
[04:35:20] [Worker-Main-1/INFO]: Preparing spawn area: 0%
[04:35:20] [Worker-Main-1/INFO]: Preparing spawn area: 0%
[04:35:20] [Worker-Main-1/INFO]: Preparing spawn area: 0%
[04:35:21] [Worker-Main-1/INFO]: Preparing spawn area: 0%
[04:35:21] [Worker-Main-1/INFO]: Preparing spawn area: 0%
[04:35:22] [Server thread/INFO]: Time elapsed: 4696 ms
[04:35:22] [Server thread/INFO]: Preparing start region for dimension minecraft:the_end
[04:35:25] [Worker-Main-1/INFO]: Preparing spawn area: 0%
[04:35:25] [Worker-Main-1/INFO]: Preparing spawn area: 0%
[04:35:25] [Worker-Main-1/INFO]: Preparing spawn area: 0%
[04:35:25] [Worker-Main-1/INFO]: Preparing spawn area: 0%
[04:35:25] [Worker-Main-1/INFO]: Preparing spawn area: 0%
[04:35:25] [Worker-Main-1/INFO]: Preparing spawn area: 0%
[04:35:25] [Worker-Main-1/INFO]: Preparing spawn area: 0%
[04:35:25] [Server thread/INFO]: Time elapsed: 3163 ms
[04:35:25] [Server thread/INFO]: Server permissions file permissions.yml is empty, ignoring it
[04:35:25] [Server thread/INFO]: Done (27.419s)! For help, type "help"
[04:35:50] [User Authenticator #1/INFO]: UUID of player Sicxtino is b202b854-eef7-3a5c-8add-c7111e30f7a1
[04:35:51] [Server thread/INFO]: Sicxtino[/[0:0:0:0:0:0:0:1%0]:35406] logged in with entity id 235 at (-416.2021856622566, 64.0, 103.60201325406427)
[04:35:51] [Server thread/INFO]: Sicxtino joined the game
[04:35:57] [Server thread/INFO]: Sicxtino issued server command: /plugins
[04:36:00] [Server thread/INFO]: Sicxtino suffocated in a wall
[04:36:21] [Server thread/INFO]: Sicxtino lost connection: Timed out
[04:36:21] [Server thread/INFO]: Sicxtino left the game.
[04:36:21] [Server thread/WARN]: handleDisconnection() called twice
